============================= test session starts =============================
platform win32 -- Python 3.13.3, pytest-9.1.1, pluggy-1.6.0 -- D:\venv\Scripts\python.exe
cachedir: .pytest_cache
rootdir: D:\Exp\Tests
plugins: anyio-4.14.2
collecting ... collected 11 items / 1 error

=================================== ERRORS ====================================
_______________________ ERROR collecting test_worker.py _______________________
ImportError while importing test module 'D:\Exp\Tests\test_worker.py'.
Hint: make sure your test modules/packages have valid Python names.
Traceback:
C:\Users\saket\AppData\Local\Programs\Python\Python313\Lib\importlib\__init__.py:88: in import_module
    return _bootstrap._gcd_import(name[level:], package, level)
           ^^^^^^^^^^^^^^^^^^^^^^^^^^^^^^^^^^^^^^^^^^^^^^^^^^^^
test_worker.py:11: in <module>
    from Worker.celery_app import app as celery_app
E   ModuleNotFoundError: No module named 'Worker'
============================== warnings summary ===============================
..\..\venv\Lib\site-packages\fastapi\testclient.py:1
  D:\venv\Lib\site-packages\fastapi\testclient.py:1: StarletteDeprecationWarning: Using `httpx` with `starlette.testclient` is deprecated; install `httpx2` instead.
    from starlette.testclient import TestClient as TestClient  # noqa

-- Docs: https://docs.pytest.org/en/stable/how-to/capture-warnings.html
=========================== short test summary info ===========================
ERROR test_worker.py
!!!!!!!!!!!!!!!!!!! Interrupted: 1 error during collection !!!!!!!!!!!!!!!!!!!!
======================== 1 warning, 1 error in 22.18s =========================
